0 info it worked if it ends with ok
1 verbose cli [ 'C:\\Program Files\\nodejs\\\\node.exe',
1 verbose cli   'C:\\Program Files\\nodejs\\node_modules\\npm\\bin\\npm-cli.js',
1 verbose cli   'install',
1 verbose cli   '--save',
1 verbose cli   'expression@4.10.2' ]
2 info using npm@1.4.28
3 info using node@v0.10.33
4 verbose node symlink C:\Program Files\nodejs\\node.exe
5 verbose readDependencies using package.json deps
6 verbose cache add [ 'expression@4.10.2', null ]
7 verbose cache add name=undefined spec="expression@4.10.2" args=["expression@4.10.2",null]
8 verbose parsed url { protocol: null,
8 verbose parsed url   slashes: null,
8 verbose parsed url   auth: null,
8 verbose parsed url   host: null,
8 verbose parsed url   port: null,
8 verbose parsed url   hostname: null,
8 verbose parsed url   hash: null,
8 verbose parsed url   search: null,
8 verbose parsed url   query: null,
8 verbose parsed url   pathname: 'expression@4.10.2',
8 verbose parsed url   path: 'expression@4.10.2',
8 verbose parsed url   href: 'expression@4.10.2' }
9 verbose cache add name="expression" spec="4.10.2" args=["expression","4.10.2"]
10 verbose parsed url { protocol: null,
10 verbose parsed url   slashes: null,
10 verbose parsed url   auth: null,
10 verbose parsed url   host: null,
10 verbose parsed url   port: null,
10 verbose parsed url   hostname: null,
10 verbose parsed url   hash: null,
10 verbose parsed url   search: null,
10 verbose parsed url   query: null,
10 verbose parsed url   pathname: '4.10.2',
10 verbose parsed url   path: '4.10.2',
10 verbose parsed url   href: '4.10.2' }
11 verbose addNamed [ 'expression', '4.10.2' ]
12 verbose addNamed [ '4.10.2', '4.10.2' ]
13 silly lockFile 7397663d-expression-4-10-2 expression@4.10.2
14 verbose lock expression@4.10.2 C:\Users\production\AppData\Roaming\npm-cache\7397663d-expression-4-10-2.lock
15 verbose request where is /expression
16 verbose request registry https://registry.npmjs.org/
17 verbose request id 7a4fd62fd4a8a09c
18 verbose url raw /expression
19 verbose url resolving [ 'https://registry.npmjs.org/', './expression' ]
20 verbose url resolved https://registry.npmjs.org/expression
21 verbose request where is https://registry.npmjs.org/expression
22 info trying registry request attempt 1 at 16:24:57
23 http GET https://registry.npmjs.org/expression
24 http 200 https://registry.npmjs.org/expression
25 silly registry.get cb [ 200,
25 silly registry.get   { date: 'Mon, 08 Dec 2014 22:24:58 GMT',
25 silly registry.get     server: 'CouchDB/1.5.0 (Erlang OTP/R16B03)',
25 silly registry.get     etag: '"5HTSKXAC8JCZSUMTOS7RJ1ZWW"',
25 silly registry.get     'content-type': 'application/json',
25 silly registry.get     'cache-control': 'max-age=60',
25 silly registry.get     'content-length': '4535',
25 silly registry.get     'accept-ranges': 'bytes',
25 silly registry.get     via: '1.1 varnish',
25 silly registry.get     age: '0',
25 silly registry.get     'x-served-by': 'cache-ord1723-ORD',
25 silly registry.get     'x-cache': 'MISS',
25 silly registry.get     'x-cache-hits': '0',
25 silly registry.get     'x-timer': 'S1418077497.950603,VS0,VE69',
25 silly registry.get     vary: 'Accept',
25 silly registry.get     'keep-alive': 'timeout=10, max=50',
25 silly registry.get     connection: 'Keep-Alive' } ]
26 silly lockFile 7397663d-expression-4-10-2 expression@4.10.2
27 silly lockFile 7397663d-expression-4-10-2 expression@4.10.2
28 error Error: version not found: expression@4.10.2
28 error     at C:\Program Files\nodejs\node_modules\npm\lib\cache\add-named.js:125:12
28 error     at saved (C:\Program Files\nodejs\node_modules\npm\node_modules\npm-registry-client\lib\get.js:167:7)
28 error     at Object.oncomplete (fs.js:107:15)
29 error If you need help, you may report this *entire* log,
29 error including the npm and node versions, at:
29 error     <http://github.com/npm/npm/issues>
30 error System Windows_NT 6.1.7601
31 error command "C:\\Program Files\\nodejs\\\\node.exe" "C:\\Program Files\\nodejs\\node_modules\\npm\\bin\\npm-cli.js" "install" "--save" "expression@4.10.2"
32 error cwd C:\nodeChat
33 error node -v v0.10.33
34 error npm -v 1.4.28
35 verbose exit [ 1, true ]
